<?xml version="1.0" encoding="UTF-8"?>
<testng-results skipped="0" failed="1" ignored="0" total="1" passed="0">
  <reporter-output>
  </reporter-output>
  <suite name="Default suite" duration-ms="48248" started-at="2020-07-21T19:05:03Z" finished-at="2020-07-21T19:05:52Z">
    <groups>
    </groups>
    <test name="Default test" duration-ms="48248" started-at="2020-07-21T19:05:03Z" finished-at="2020-07-21T19:05:52Z">
      <class name="ci.integ.selenium.jenkins_demo">
        <test-method status="FAIL" signature="testGoogleSearch()[pri:0, instance:ci.integ.selenium.jenkins_demo@7c0e2abd]" name="testGoogleSearch" duration-ms="48133" started-at="2020-07-22T00:35:03Z" finished-at="2020-07-22T00:35:52Z">
          <exception class="org.openqa.selenium.SessionNotCreatedException">
            <message>
              <![CDATA[session not created
from disconnected: received Inspector.detached event
  (Session info: chrome=83.0.4103.116)
Build info: version: '3.9.1', revision: '63f7b50', time: '2018-02-07T22:42:28.403Z'
System info: host: 'ADMIN-PC', ip: '192.168.0.7', os.name: 'Windows 7', os.arch: 'amd64', os.version: '6.1', java.version: '1.8.0_131'
Driver info: driver.version: ChromeDriver
remote stacktrace: Backtrace:
	Ordinal0 [0x00679563+2725219]
	Ordinal0 [0x00578551+1672529]
	Ordinal0 [0x00460359+525145]
	Ordinal0 [0x00458579+492921]
	Ordinal0 [0x0045818C+491916]
	Ordinal0 [0x00457AB8+490168]
	Ordinal0 [0x00456EFE+487166]
	Ordinal0 [0x00457135+487733]
	Ordinal0 [0x00456B75+486261]
	Ordinal0 [0x0045F055+520277]
	Ordinal0 [0x00456B32+486194]
	Ordinal0 [0x00457739+489273]
	Ordinal0 [0x00456EFE+487166]
	Ordinal0 [0x00457135+487733]
	Ordinal0 [0x00456B75+486261]
	Ordinal0 [0x0045D83E+514110]
	Ordinal0 [0x00456B32+486194]
	Ordinal0 [0x00457739+489273]
	Ordinal0 [0x00456EFE+487166]
	Ordinal0 [0x00457135+487733]
	Ordinal0 [0x00456B75+486261]
	Ordinal0 [0x0045BBF6+506870]
	Ordinal0 [0x00456B32+486194]
	Ordinal0 [0x00457739+489273]
	Ordinal0 [0x00456EFE+487166]
	Ordinal0 [0x00457135+487733]
	Ordinal0 [0x00456B75+486261]
	Ordinal0 [0x0045B1B7+504247]
	Ordinal0 [0x00456B32+486194]
	Ordinal0 [0x00457739+489273]
	Ordinal0 [0x00456EFE+487166]
	Ordinal0 [0x00457135+487733]
	Ordinal0 [0x00456B75+486261]
	Ordinal0 [0x0045337C+471932]
	Ordinal0 [0x00456B32+486194]
	Ordinal0 [0x00456A87+486023]
	Ordinal0 [0x00460FF0+528368]
	Ordinal0 [0x0040D6C9+186057]
	Ordinal0 [0x0040CA3D+182845]
	Ordinal0 [0x0040A94B+174411]
	Ordinal0 [0x003F2528+75048]
	Ordinal0 [0x003F35A0+79264]
	Ordinal0 [0x003F3539+79161]
	Ordinal0 [0x0058D607+1758727]
	GetHandleVerifier [0x00796546+1050150]
	GetHandleVerifier [0x00796291+1049457]
	GetHandleVerifier [0x007A10D7+1094071]
	GetHandleVerifier [0x00796B46+1051686]
	Ordinal0 [0x00585B06+1727238]
	Ordinal0 [0x0058EB7B+1764219]
	Ordinal0 [0x0058ECE3+1764579]
	Ordinal0 [0x005A4C05+1854469]
	BaseThreadInitThunk [0x77663677+18]
	RtlInitializeExceptionChain [0x77DD9D72+99]
	RtlInitializeExceptionChain [0x77DD9D45+54]
]]>
            </message>
            <full-stacktrace>
              <![CDATA[org.openqa.selenium.SessionNotCreatedException: session not created
from disconnected: received Inspector.detached event
  (Session info: chrome=83.0.4103.116)
Build info: version: '3.9.1', revision: '63f7b50', time: '2018-02-07T22:42:28.403Z'
System info: host: 'ADMIN-PC', ip: '192.168.0.7', os.name: 'Windows 7', os.arch: 'amd64', os.version: '6.1', java.version: '1.8.0_131'
Driver info: driver.version: ChromeDriver
remote stacktrace: Backtrace:
	Ordinal0 [0x00679563+2725219]
	Ordinal0 [0x00578551+1672529]
	Ordinal0 [0x00460359+525145]
	Ordinal0 [0x00458579+492921]
	Ordinal0 [0x0045818C+491916]
	Ordinal0 [0x00457AB8+490168]
	Ordinal0 [0x00456EFE+487166]
	Ordinal0 [0x00457135+487733]
	Ordinal0 [0x00456B75+486261]
	Ordinal0 [0x0045F055+520277]
	Ordinal0 [0x00456B32+486194]
	Ordinal0 [0x00457739+489273]
	Ordinal0 [0x00456EFE+487166]
	Ordinal0 [0x00457135+487733]
	Ordinal0 [0x00456B75+486261]
	Ordinal0 [0x0045D83E+514110]
	Ordinal0 [0x00456B32+486194]
	Ordinal0 [0x00457739+489273]
	Ordinal0 [0x00456EFE+487166]
	Ordinal0 [0x00457135+487733]
	Ordinal0 [0x00456B75+486261]
	Ordinal0 [0x0045BBF6+506870]
	Ordinal0 [0x00456B32+486194]
	Ordinal0 [0x00457739+489273]
	Ordinal0 [0x00456EFE+487166]
	Ordinal0 [0x00457135+487733]
	Ordinal0 [0x00456B75+486261]
	Ordinal0 [0x0045B1B7+504247]
	Ordinal0 [0x00456B32+486194]
	Ordinal0 [0x00457739+489273]
	Ordinal0 [0x00456EFE+487166]
	Ordinal0 [0x00457135+487733]
	Ordinal0 [0x00456B75+486261]
	Ordinal0 [0x0045337C+471932]
	Ordinal0 [0x00456B32+486194]
	Ordinal0 [0x00456A87+486023]
	Ordinal0 [0x00460FF0+528368]
	Ordinal0 [0x0040D6C9+186057]
	Ordinal0 [0x0040CA3D+182845]
	Ordinal0 [0x0040A94B+174411]
	Ordinal0 [0x003F2528+75048]
	Ordinal0 [0x003F35A0+79264]
	Ordinal0 [0x003F3539+79161]
	Ordinal0 [0x0058D607+1758727]
	GetHandleVerifier [0x00796546+1050150]
	GetHandleVerifier [0x00796291+1049457]
	GetHandleVerifier [0x007A10D7+1094071]
	GetHandleVerifier [0x00796B46+1051686]
	Ordinal0 [0x00585B06+1727238]
	Ordinal0 [0x0058EB7B+1764219]
	Ordinal0 [0x0058ECE3+1764579]
	Ordinal0 [0x005A4C05+1854469]
	BaseThreadInitThunk [0x77663677+18]
	RtlInitializeExceptionChain [0x77DD9D72+99]
	RtlInitializeExceptionChain [0x77DD9D45+54]

	at sun.reflect.NativeConstructorAccessorImpl.newInstance0(Native Method)
	at sun.reflect.NativeConstructorAccessorImpl.newInstance(Unknown Source)
	at sun.reflect.DelegatingConstructorAccessorImpl.newInstance(Unknown Source)
	at java.lang.reflect.Constructor.newInstance(Unknown Source)
	at org.openqa.selenium.remote.W3CHandshakeResponse.lambda$new$0(W3CHandshakeResponse.java:57)
	at org.openqa.selenium.remote.W3CHandshakeResponse.lambda$getResponseFunction$2(W3CHandshakeResponse.java:104)
	at org.openqa.selenium.remote.ProtocolHandshake.lambda$createSession$0(ProtocolHandshake.java:123)
	at java.util.stream.ReferencePipeline$3$1.accept(Unknown Source)
	at java.util.Spliterators$ArraySpliterator.tryAdvance(Unknown Source)
	at java.util.stream.ReferencePipeline.forEachWithCancel(Unknown Source)
	at java.util.stream.AbstractPipeline.copyIntoWithCancel(Unknown Source)
	at java.util.stream.AbstractPipeline.copyInto(Unknown Source)
	at java.util.stream.AbstractPipeline.wrapAndCopyInto(Unknown Source)
	at java.util.stream.FindOps$FindOp.evaluateSequential(Unknown Source)
	at java.util.stream.AbstractPipeline.evaluate(Unknown Source)
	at java.util.stream.ReferencePipeline.findFirst(Unknown Source)
	at org.openqa.selenium.remote.ProtocolHandshake.createSession(ProtocolHandshake.java:126)
	at org.openqa.selenium.remote.ProtocolHandshake.createSession(ProtocolHandshake.java:73)
	at org.openqa.selenium.remote.HttpCommandExecutor.execute(HttpCommandExecutor.java:138)
	at org.openqa.selenium.remote.service.DriverCommandExecutor.execute(DriverCommandExecutor.java:83)
	at org.openqa.selenium.remote.RemoteWebDriver.execute(RemoteWebDriver.java:601)
	at org.openqa.selenium.remote.RemoteWebDriver.startSession(RemoteWebDriver.java:219)
	at org.openqa.selenium.remote.RemoteWebDriver.<init>(RemoteWebDriver.java:142)
	at org.openqa.selenium.chrome.ChromeDriver.<init>(ChromeDriver.java:181)
	at org.openqa.selenium.chrome.ChromeDriver.<init>(ChromeDriver.java:168)
	at org.openqa.selenium.chrome.ChromeDriver.<init>(ChromeDriver.java:123)
	at ci.integ.selenium.jenkins_demo.testGoogleSearch(jenkins_demo.java:15)
	at sun.reflect.NativeMethodAccessorImpl.invoke0(Native Method)
	at sun.reflect.NativeMethodAccessorImpl.invoke(Unknown Source)
	at sun.reflect.DelegatingMethodAccessorImpl.invoke(Unknown Source)
	at java.lang.reflect.Method.invoke(Unknown Source)
	at org.testng.internal.MethodInvocationHelper.invokeMethod(MethodInvocationHelper.java:108)
	at org.testng.internal.Invoker.invokeMethod(Invoker.java:661)
	at org.testng.internal.Invoker.invokeTestMethod(Invoker.java:869)
	at org.testng.internal.Invoker.invokeTestMethods(Invoker.java:1193)
	at org.testng.internal.TestMethodWorker.invokeTestMethods(TestMethodWorker.java:126)
	at org.testng.internal.TestMethodWorker.run(TestMethodWorker.java:109)
	at org.testng.TestRunner.privateRun(TestRunner.java:744)
	at org.testng.TestRunner.run(TestRunner.java:602)
	at org.testng.SuiteRunner.runTest(SuiteRunner.java:380)
	at org.testng.SuiteRunner.runSequentially(SuiteRunner.java:375)
	at org.testng.SuiteRunner.privateRun(SuiteRunner.java:340)
	at org.testng.SuiteRunner.run(SuiteRunner.java:289)
	at org.testng.SuiteRunnerWorker.runSuite(SuiteRunnerWorker.java:52)
	at org.testng.SuiteRunnerWorker.run(SuiteRunnerWorker.java:86)
	at org.testng.TestNG.runSuitesSequentially(TestNG.java:1301)
	at org.testng.TestNG.runSuitesLocally(TestNG.java:1226)
	at org.testng.TestNG.runSuites(TestNG.java:1144)
	at org.testng.TestNG.run(TestNG.java:1115)
	at org.testng.remote.AbstractRemoteTestNG.run(AbstractRemoteTestNG.java:132)
	at org.testng.remote.RemoteTestNG.initAndRun(RemoteTestNG.java:230)
	at org.testng.remote.RemoteTestNG.main(RemoteTestNG.java:76)
]]>
            </full-stacktrace>
          </exception> <!-- org.openqa.selenium.SessionNotCreatedException -->
          <reporter-output>
          </reporter-output>
        </test-method> <!-- testGoogleSearch -->
      </class> <!-- ci.integ.selenium.jenkins_demo -->
    </test> <!-- Default test -->
  </suite> <!-- Default suite -->
</testng-results>
