<?xml version="1.0" encoding="UTF-8"?>
<testng-results skipped="0" failed="0" ignored="0" total="1" passed="1">
  <reporter-output>
  </reporter-output>
  <suite name="Default suite" duration-ms="56361" started-at="2020-07-21T16:42:20Z" finished-at="2020-07-21T16:43:17Z">
    <groups>
    </groups>
    <test name="Default test" duration-ms="56361" started-at="2020-07-21T16:42:20Z" finished-at="2020-07-21T16:43:17Z">
      <class name="ci.integ.selenium.jenkins_demo">
        <test-method status="PASS" signature="testGoogleSearch()[pri:0, instance:ci.integ.selenium.jenkins_demo@7c0e2abd]" name="testGoogleSearch" duration-ms="56338" started-at="2020-07-21T22:12:20Z" finished-at="2020-07-21T22:13:17Z">
          <reporter-output>
          </reporter-output>
        </test-method> <!-- testGoogleSearch -->
      </class> <!-- ci.integ.selenium.jenkins_demo -->
    </test> <!-- Default test -->
  </suite> <!-- Default suite -->
</testng-results>
